1722486719063:login
1722486724481:logi 1 1
1722486730344:login 1 1
1722487141069:help
1722487145688:bill-total
1722487150682:city
1722487183924:login 1 1
1722487186556:city
1722487225930:1 1 login
1722487228573:login 1 1
1722487230176:city
1722487397159:bill-total 동두천시 가정용 10
1722487478441:login 1 1
1722487482098:bill-total 동두천시 가정용 10
1722487519586:llogin 1 1
1722487522523:login 1 1
1722487523422:bill-total 동두천시 가정용 10
1722487548881:login 1 1
1722487553927:bill-total 동두천시 가정용 10
1722487608584:login 1 1
1722487610217:bill-total 동두천시 가정용 10
1722487716675:login 1 1
1722487720283:bill-total 동두천시 가정용 10
1722494803439:login 1 1
1722494881662:login 2 2
1722494883627:login 1 3
1722494886106:login 1 1
1760574093507:login 1 2
1760574216923:1 asdlkfjafsdlk
1760574277953:login 11 111
1760574304627:login 123 1234
1760574314933:login 12 1234
